\BOOKMARK [1][]{section.1}{\376\377\0001\000\040\225\356\230\230\221\315\217\360}{}% 1
\BOOKMARK [2][]{subsection.1.1}{\376\377\0001\000.\0001\000\040\225\356\230\230\200\314\146\157}{section.1}% 2
\BOOKMARK [2][]{subsection.1.2}{\376\377\0001\000.\0002\000\040\225\356\230\230\166\204\143\320\121\372\377\010\230\230\166\356\221\315\217\360\377\011}{section.1}% 3
\BOOKMARK [1][]{section.2}{\376\377\0002\000\040\152\041\127\213\120\107\213\276}{}% 4
\BOOKMARK [1][]{section.3}{\376\377\0003\000\040\120\107\213\276\213\364\146\016}{}% 5
\BOOKMARK [1][]{section.4}{\376\377\0004\000\040\173\046\123\367\213\364\146\016}{}% 6
\BOOKMARK [1][]{section.5}{\376\377\0005\000\040\225\356\230\230\122\006\147\220}{}% 7
\BOOKMARK [2][]{subsection.5.1}{\376\377\0005\000.\0001\000\040\225\356\230\230\116\000\166\204\122\006\147\220}{section.5}% 8
\BOOKMARK [2][]{subsection.5.2}{\376\377\0005\000.\0002\000\040\225\356\230\230\116\214\166\204\122\006\147\220}{section.5}% 9
\BOOKMARK [2][]{subsection.5.3}{\376\377\0005\000.\0003\000\040\225\356\230\230\116\011\166\204\122\006\147\220}{section.5}% 10
\BOOKMARK [1][]{section.6}{\376\377\0006\000\040\225\356\230\230\166\204\211\343\173\124}{}% 11
\BOOKMARK [2][]{subsection.6.1}{\376\377\0006\000.\0001\000\040\225\356\230\230\0001\166\204\211\343\173\124}{section.6}% 12
\BOOKMARK [3][]{subsubsection.6.1.1}{\376\377\0006\000.\0001\000.\0001\000\040\145\160\143\156\166\204\221\317\123\026\116\016\131\004\164\006}{subsection.6.1}% 13
\BOOKMARK [3][]{subsubsection.6.1.2}{\376\377\0006\000.\0001\000.\0002\000\040\143\007\150\007\122\006\147\220}{subsection.6.1}% 14
\BOOKMARK [3][]{subsubsection.6.1.3}{\376\377\0006\000.\0001\000.\0003\000\040\225\000\221\317\230\204\155\113}{subsection.6.1}% 15
\BOOKMARK [2][]{subsection.6.2}{\376\377\0006\000.\0002\000\040\225\356\230\230\0002\166\204\211\343\173\124}{section.6}% 16
\BOOKMARK [2][]{subsection.6.3}{\376\377\0006\000.\0003\000\040\225\356\230\230\116\011\166\204\211\343\173\124}{section.6}% 17
\BOOKMARK [1][]{section.7}{\376\377\0007\000\040\152\041\127\213\140\073\176\323}{}% 18
\BOOKMARK [2][]{subsection.7.1}{\376\377\0007\000.\0001\000\040\152\041\127\213\117\030\160\271}{section.7}% 19
\BOOKMARK [2][]{subsection.7.2}{\376\377\0007\000.\0002\000\040\152\041\127\213\177\072\160\271}{section.7}% 20
\BOOKMARK [1][]{section*.26}{\376\377\123\302\200\003\145\207\163\056}{}% 21
\BOOKMARK [1][]{appendix.A}{\376\377\000A\000\040\152\041\127\213\154\102\211\343\116\343\170\001}{}% 22
\BOOKMARK [1][]{appendix.B}{\376\377\000B\000\040\116\214\122\006\154\325\144\034\175\042\116\343\170\001}{}% 23
\BOOKMARK [1][]{appendix.C}{\376\377\000C\000\040\225\356\230\230\116\011\116\343\170\001}{}% 24
